<?xml version="1.0" encoding="UTF-8"?>
<testsuite name="ohtuesimerkki.StatisticsTest" tests="4" skipped="0" failures="0" errors="0" timestamp="2019-11-01T04:28:03" hostname="lx7-fuxi061" time="0.061">
  <properties/>
  <testcase name="listsAllTopScorersInCorrectOrder" classname="ohtuesimerkki.StatisticsTest" time="0.058"/>
  <testcase name="findsPlayer" classname="ohtuesimerkki.StatisticsTest" time="0.0"/>
  <testcase name="findsCorrectTeam" classname="ohtuesimerkki.StatisticsTest" time="0.0"/>
  <testcase name="returnsNullIfNoSuchPlayer" classname="ohtuesimerkki.StatisticsTest" time="0.0"/>
  <system-out><![CDATA[Gretzky              EDM 35 + 89 = 124
Lemieux              PIT 45 + 54 = 99
Yzerman              DET 42 + 56 = 98
Kurri                EDM 37 + 53 = 90
Semenko              EDM  4 + 12 = 16
]]></system-out>
  <system-err><![CDATA[]]></system-err>
</testsuite>
